2019-05-07 11:21:19.275162: I tensorflow/core/platform/cpu_feature_guard.cc:141] Your CPU supports instructions that this TensorFlow binary was not compiled to use: AVX2 FMA
2019-05-07 11:21:19.532592: I tensorflow/core/common_runtime/gpu/gpu_device.cc:1411] Found device 0 with properties: 
name: Tesla K80 major: 3 minor: 7 memoryClockRate(GHz): 0.8235
pciBusID: 0000:04:00.0
totalMemory: 11.17GiB freeMemory: 11.10GiB
2019-05-07 11:21:19.665970: I tensorflow/core/common_runtime/gpu/gpu_device.cc:1411] Found device 1 with properties: 
name: Tesla K80 major: 3 minor: 7 memoryClockRate(GHz): 0.8235
pciBusID: 0000:05:00.0
totalMemory: 11.17GiB freeMemory: 11.10GiB
2019-05-07 11:21:19.800785: I tensorflow/core/common_runtime/gpu/gpu_device.cc:1411] Found device 2 with properties: 
name: Tesla K80 major: 3 minor: 7 memoryClockRate(GHz): 0.8235
pciBusID: 0000:84:00.0
totalMemory: 11.17GiB freeMemory: 11.10GiB
2019-05-07 11:21:19.943755: I tensorflow/core/common_runtime/gpu/gpu_device.cc:1411] Found device 3 with properties: 
name: Tesla K80 major: 3 minor: 7 memoryClockRate(GHz): 0.8235
pciBusID: 0000:85:00.0
totalMemory: 11.17GiB freeMemory: 11.10GiB
2019-05-07 11:21:19.944583: I tensorflow/core/common_runtime/gpu/gpu_device.cc:1490] Adding visible gpu devices: 0, 1, 2, 3
2019-05-07 11:21:21.186534: I tensorflow/core/common_runtime/gpu/gpu_device.cc:971] Device interconnect StreamExecutor with strength 1 edge matrix:
2019-05-07 11:21:21.187151: I tensorflow/core/common_runtime/gpu/gpu_device.cc:977]      0 1 2 3 
2019-05-07 11:21:21.187478: I tensorflow/core/common_runtime/gpu/gpu_device.cc:990] 0:   N Y N N 
2019-05-07 11:21:21.187805: I tensorflow/core/common_runtime/gpu/gpu_device.cc:990] 1:   Y N N N 
2019-05-07 11:21:21.188053: I tensorflow/core/common_runtime/gpu/gpu_device.cc:990] 2:   N N N Y 
2019-05-07 11:21:21.188273: I tensorflow/core/common_runtime/gpu/gpu_device.cc:990] 3:   N N Y N 
2019-05-07 11:21:21.189532: I tensorflow/core/common_runtime/gpu/gpu_device.cc:1103] Created TensorFlow device (/device:GPU:0 with 10757 MB memory) -> physical GPU (device: 0, name: Tesla K80, pci bus id: 0000:04:00.0, compute capability: 3.7)
2019-05-07 11:21:21.374371: I tensorflow/core/common_runtime/gpu/gpu_device.cc:1103] Created TensorFlow device (/device:GPU:1 with 10757 MB memory) -> physical GPU (device: 1, name: Tesla K80, pci bus id: 0000:05:00.0, compute capability: 3.7)
2019-05-07 11:21:21.555848: I tensorflow/core/common_runtime/gpu/gpu_device.cc:1103] Created TensorFlow device (/device:GPU:2 with 10757 MB memory) -> physical GPU (device: 2, name: Tesla K80, pci bus id: 0000:84:00.0, compute capability: 3.7)
2019-05-07 11:21:21.737714: I tensorflow/core/common_runtime/gpu/gpu_device.cc:1103] Created TensorFlow device (/device:GPU:3 with 10757 MB memory) -> physical GPU (device: 3, name: Tesla K80, pci bus id: 0000:85:00.0, compute capability: 3.7)
2019-05-07 11:21:23.111107: I tensorflow/core/common_runtime/gpu/gpu_device.cc:1490] Adding visible gpu devices: 0, 1, 2, 3
2019-05-07 11:21:23.111612: I tensorflow/core/common_runtime/gpu/gpu_device.cc:971] Device interconnect StreamExecutor with strength 1 edge matrix:
2019-05-07 11:21:23.111925: I tensorflow/core/common_runtime/gpu/gpu_device.cc:977]      0 1 2 3 
2019-05-07 11:21:23.112159: I tensorflow/core/common_runtime/gpu/gpu_device.cc:990] 0:   N Y N N 
2019-05-07 11:21:23.112336: I tensorflow/core/common_runtime/gpu/gpu_device.cc:990] 1:   Y N N N 
2019-05-07 11:21:23.112514: I tensorflow/core/common_runtime/gpu/gpu_device.cc:990] 2:   N N N Y 
2019-05-07 11:21:23.112675: I tensorflow/core/common_runtime/gpu/gpu_device.cc:990] 3:   N N Y N 
2019-05-07 11:21:23.113389: I tensorflow/core/common_runtime/gpu/gpu_device.cc:1103] Created TensorFlow device (/device:GPU:0 with 10757 MB memory) -> physical GPU (device: 0, name: Tesla K80, pci bus id: 0000:04:00.0, compute capability: 3.7)
2019-05-07 11:21:23.113870: I tensorflow/core/common_runtime/gpu/gpu_device.cc:1103] Created TensorFlow device (/device:GPU:1 with 10757 MB memory) -> physical GPU (device: 1, name: Tesla K80, pci bus id: 0000:05:00.0, compute capability: 3.7)
2019-05-07 11:21:23.114194: I tensorflow/core/common_runtime/gpu/gpu_device.cc:1103] Created TensorFlow device (/device:GPU:2 with 10757 MB memory) -> physical GPU (device: 2, name: Tesla K80, pci bus id: 0000:84:00.0, compute capability: 3.7)
2019-05-07 11:21:23.114747: I tensorflow/core/common_runtime/gpu/gpu_device.cc:1103] Created TensorFlow device (/device:GPU:3 with 10757 MB memory) -> physical GPU (device: 3, name: Tesla K80, pci bus id: 0000:85:00.0, compute capability: 3.7)
2019-05-07 11:22:36.129533: I tensorflow/core/common_runtime/gpu/gpu_device.cc:1490] Adding visible gpu devices: 0, 1, 2, 3
2019-05-07 11:22:36.131330: I tensorflow/core/common_runtime/gpu/gpu_device.cc:971] Device interconnect StreamExecutor with strength 1 edge matrix:
2019-05-07 11:22:36.134422: I tensorflow/core/common_runtime/gpu/gpu_device.cc:977]      0 1 2 3 
2019-05-07 11:22:36.136504: I tensorflow/core/common_runtime/gpu/gpu_device.cc:990] 0:   N Y N N 
2019-05-07 11:22:36.139000: I tensorflow/core/common_runtime/gpu/gpu_device.cc:990] 1:   Y N N N 
2019-05-07 11:22:36.144869: I tensorflow/core/common_runtime/gpu/gpu_device.cc:990] 2:   N N N Y 
2019-05-07 11:22:36.146485: I tensorflow/core/common_runtime/gpu/gpu_device.cc:990] 3:   N N Y N 
2019-05-07 11:22:36.148849: I tensorflow/core/common_runtime/gpu/gpu_device.cc:1103] Created TensorFlow device (/job:localhost/replica:0/task:0/device:GPU:0 with 10757 MB memory) -> physical GPU (device: 0, name: Tesla K80, pci bus id: 0000:04:00.0, compute capability: 3.7)
2019-05-07 11:22:36.152003: I tensorflow/core/common_runtime/gpu/gpu_device.cc:1103] Created TensorFlow device (/job:localhost/replica:0/task:0/device:GPU:1 with 10757 MB memory) -> physical GPU (device: 1, name: Tesla K80, pci bus id: 0000:05:00.0, compute capability: 3.7)
2019-05-07 11:22:36.156189: I tensorflow/core/common_runtime/gpu/gpu_device.cc:1103] Created TensorFlow device (/job:localhost/replica:0/task:0/device:GPU:2 with 10757 MB memory) -> physical GPU (device: 2, name: Tesla K80, pci bus id: 0000:84:00.0, compute capability: 3.7)
2019-05-07 11:22:36.158452: I tensorflow/core/common_runtime/gpu/gpu_device.cc:1103] Created TensorFlow device (/job:localhost/replica:0/task:0/device:GPU:3 with 10757 MB memory) -> physical GPU (device: 3, name: Tesla K80, pci bus id: 0000:85:00.0, compute capability: 3.7)
Using TensorFlow backend.
